{"/Users/jamesquinn/Desktop/Futureproof/LAP3/PROJECT WEEK/Thur20Jan/quiz-app/client/src/components/NavigateButton.js": {"path":"/Users/jamesquinn/Desktop/Futureproof/LAP3/PROJECT WEEK/Thur20Jan/quiz-app/client/src/components/NavigateButton.js","statementMap":{"0":{"start":{"line":5,"column":20},"end":{"line":5,"column":33}},"1":{"start":{"line":7,"column":22},"end":{"line":9,"column":4}},"2":{"start":{"line":8,"column":6},"end":{"line":8,"column":34}},"3":{"start":{"line":11,"column":3},"end":{"line":11,"column":99}}},"fnMap":{"0":{"name":"NavigateButton","decl":{"start":{"line":3,"column":9},"end":{"line":3,"column":23}},"loc":{"start":{"line":3,"column":31},"end":{"line":12,"column":1}},"line":3},"1":{"name":"(anonymous_1)","decl":{"start":{"line":7,"column":22},"end":{"line":7,"column":23}},"loc":{"start":{"line":7,"column":28},"end":{"line":9,"column":4}},"line":7}},"branchMap":{},"s":{"0":32,"1":32,"2":1,"3":32},"f":{"0":32,"1":1},"b":{},"_coverageSchema":"1a1c01bbd47fc00a2c39e90264f33305004495a9","hash":"e02b5046909178bf34a6188462c5b702c7731698"}
,"/Users/jamesquinn/Desktop/Futureproof/LAP3/PROJECT WEEK/Thur20Jan/quiz-app/client/src/pages/CreateQuiz.js": {"path":"/Users/jamesquinn/Desktop/Futureproof/LAP3/PROJECT WEEK/Thur20Jan/quiz-app/client/src/pages/CreateQuiz.js","statementMap":{"0":{"start":{"line":8,"column":29},"end":{"line":8,"column":48}},"1":{"start":{"line":9,"column":35},"end":{"line":9,"column":96}},"2":{"start":{"line":10,"column":31},"end":{"line":10,"column":43}},"3":{"start":{"line":11,"column":33},"end":{"line":11,"column":45}},"4":{"start":{"line":12,"column":43},"end":{"line":12,"column":55}},"5":{"start":{"line":13,"column":27},"end":{"line":13,"column":39}},"6":{"start":{"line":14,"column":41},"end":{"line":14,"column":56}},"7":{"start":{"line":15,"column":20},"end":{"line":15,"column":33}},"8":{"start":{"line":18,"column":6},"end":{"line":44,"column":7}},"9":{"start":{"line":19,"column":21},"end":{"line":19,"column":46}},"10":{"start":{"line":21,"column":9},"end":{"line":27,"column":11}},"11":{"start":{"line":22,"column":12},"end":{"line":22,"column":43}},"12":{"start":{"line":23,"column":12},"end":{"line":26,"column":13}},"13":{"start":{"line":24,"column":15},"end":{"line":24,"column":58}},"14":{"start":{"line":25,"column":15},"end":{"line":25,"column":80}},"15":{"start":{"line":25,"column":68},"end":{"line":25,"column":79}},"16":{"start":{"line":29,"column":9},"end":{"line":29,"column":42}},"17":{"start":{"line":31,"column":17},"end":{"line":31,"column":18}},"18":{"start":{"line":32,"column":23},"end":{"line":32,"column":24}},"19":{"start":{"line":33,"column":9},"end":{"line":39,"column":10}},"20":{"start":{"line":34,"column":12},"end":{"line":36,"column":13}},"21":{"start":{"line":34,"column":24},"end":{"line":34,"column":25}},"22":{"start":{"line":35,"column":15},"end":{"line":35,"column":85}},"23":{"start":{"line":37,"column":12},"end":{"line":37,"column":31}},"24":{"start":{"line":38,"column":12},"end":{"line":38,"column":21}},"25":{"start":{"line":40,"column":9},"end":{"line":40,"column":28}},"26":{"start":{"line":41,"column":9},"end":{"line":41,"column":36}},"27":{"start":{"line":43,"column":9},"end":{"line":43,"column":58}},"28":{"start":{"line":47,"column":3},"end":{"line":58,"column":9}},"29":{"start":{"line":49,"column":9},"end":{"line":55,"column":9}},"30":{"start":{"line":50,"column":27},"end":{"line":50,"column":82}},"31":{"start":{"line":51,"column":12},"end":{"line":51,"column":52}},"32":{"start":{"line":52,"column":12},"end":{"line":52,"column":24}},"33":{"start":{"line":54,"column":12},"end":{"line":54,"column":61}},"34":{"start":{"line":57,"column":6},"end":{"line":57,"column":21}},"35":{"start":{"line":61,"column":6},"end":{"line":61,"column":24}},"36":{"start":{"line":62,"column":6},"end":{"line":65,"column":7}},"37":{"start":{"line":63,"column":9},"end":{"line":63,"column":48}},"38":{"start":{"line":63,"column":29},"end":{"line":63,"column":47}},"39":{"start":{"line":64,"column":9},"end":{"line":64,"column":22}},"40":{"start":{"line":68,"column":23},"end":{"line":71,"column":4}},"41":{"start":{"line":69,"column":30},"end":{"line":69,"column":38}},"42":{"start":{"line":70,"column":6},"end":{"line":70,"column":49}},"43":{"start":{"line":73,"column":24},"end":{"line":76,"column":4}},"44":{"start":{"line":74,"column":24},"end":{"line":74,"column":32}},"45":{"start":{"line":75,"column":6},"end":{"line":75,"column":22}},"46":{"start":{"line":79,"column":6},"end":{"line":79,"column":24}},"47":{"start":{"line":80,"column":6},"end":{"line":80,"column":27}},"48":{"start":{"line":81,"column":6},"end":{"line":81,"column":26}},"49":{"start":{"line":82,"column":19},"end":{"line":82,"column":92}},"50":{"start":{"line":83,"column":16},"end":{"line":83,"column":84}},"51":{"start":{"line":84,"column":6},"end":{"line":87,"column":7}},"52":{"start":{"line":85,"column":9},"end":{"line":86,"column":45}},"53":{"start":{"line":86,"column":12},"end":{"line":86,"column":45}},"54":{"start":{"line":88,"column":6},"end":{"line":88,"column":20}},"55":{"start":{"line":89,"column":6},"end":{"line":89,"column":23}},"56":{"start":{"line":90,"column":6},"end":{"line":90,"column":46}},"57":{"start":{"line":90,"column":27},"end":{"line":90,"column":45}},"58":{"start":{"line":91,"column":6},"end":{"line":91,"column":25}},"59":{"start":{"line":94,"column":3},"end":{"line":131,"column":4}},"60":{"start":{"line":109,"column":42},"end":{"line":109,"column":73}},"61":{"start":{"line":122,"column":52},"end":{"line":122,"column":122}}},"fnMap":{"0":{"name":"CreateQuiz","decl":{"start":{"line":7,"column":9},"end":{"line":7,"column":19}},"loc":{"start":{"line":7,"column":22},"end":{"line":132,"column":1}},"line":7},"1":{"name":"getTriviaData","decl":{"start":{"line":17,"column":18},"end":{"line":17,"column":31}},"loc":{"start":{"line":17,"column":38},"end":{"line":45,"column":4}},"line":17},"2":{"name":"(anonymous_2)","decl":{"start":{"line":21,"column":34},"end":{"line":21,"column":35}},"loc":{"start":{"line":21,"column":39},"end":{"line":27,"column":10}},"line":21},"3":{"name":"(anonymous_3)","decl":{"start":{"line":25,"column":61},"end":{"line":25,"column":62}},"loc":{"start":{"line":25,"column":68},"end":{"line":25,"column":79}},"line":25},"4":{"name":"(anonymous_4)","decl":{"start":{"line":47,"column":13},"end":{"line":47,"column":14}},"loc":{"start":{"line":47,"column":19},"end":{"line":58,"column":4}},"line":47},"5":{"name":"getCategories","decl":{"start":{"line":48,"column":21},"end":{"line":48,"column":34}},"loc":{"start":{"line":48,"column":37},"end":{"line":56,"column":7}},"line":48},"6":{"name":"submitPlayer","decl":{"start":{"line":60,"column":12},"end":{"line":60,"column":24}},"loc":{"start":{"line":60,"column":28},"end":{"line":66,"column":4}},"line":60},"7":{"name":"(anonymous_7)","decl":{"start":{"line":63,"column":20},"end":{"line":63,"column":21}},"loc":{"start":{"line":63,"column":29},"end":{"line":63,"column":47}},"line":63},"8":{"name":"(anonymous_8)","decl":{"start":{"line":68,"column":23},"end":{"line":68,"column":24}},"loc":{"start":{"line":68,"column":28},"end":{"line":71,"column":4}},"line":68},"9":{"name":"(anonymous_9)","decl":{"start":{"line":73,"column":24},"end":{"line":73,"column":25}},"loc":{"start":{"line":73,"column":29},"end":{"line":76,"column":4}},"line":73},"10":{"name":"submitForm","decl":{"start":{"line":78,"column":12},"end":{"line":78,"column":22}},"loc":{"start":{"line":78,"column":26},"end":{"line":92,"column":4}},"line":78},"11":{"name":"(anonymous_11)","decl":{"start":{"line":90,"column":22},"end":{"line":90,"column":23}},"loc":{"start":{"line":90,"column":27},"end":{"line":90,"column":45}},"line":90},"12":{"name":"(anonymous_12)","decl":{"start":{"line":109,"column":32},"end":{"line":109,"column":33}},"loc":{"start":{"line":109,"column":42},"end":{"line":109,"column":73}},"line":109},"13":{"name":"(anonymous_13)","decl":{"start":{"line":122,"column":40},"end":{"line":122,"column":41}},"loc":{"start":{"line":122,"column":52},"end":{"line":122,"column":122}},"line":122}},"branchMap":{"0":{"loc":{"start":{"line":23,"column":12},"end":{"line":26,"column":13}},"type":"if","locations":[{"start":{"line":23,"column":12},"end":{"line":26,"column":13}},{"start":{},"end":{}}],"line":23},"1":{"loc":{"start":{"line":62,"column":6},"end":{"line":65,"column":7}},"type":"if","locations":[{"start":{"line":62,"column":6},"end":{"line":65,"column":7}},{"start":{},"end":{}}],"line":62},"2":{"loc":{"start":{"line":82,"column":28},"end":{"line":82,"column":90}},"type":"cond-expr","locations":[{"start":{"line":82,"column":61},"end":{"line":82,"column":62}},{"start":{"line":82,"column":65},"end":{"line":82,"column":90}}],"line":82},"3":{"loc":{"start":{"line":85,"column":9},"end":{"line":86,"column":45}},"type":"if","locations":[{"start":{"line":85,"column":9},"end":{"line":86,"column":45}},{"start":{},"end":{}}],"line":85},"4":{"loc":{"start":{"line":85,"column":12},"end":{"line":85,"column":55}},"type":"binary-expr","locations":[{"start":{"line":85,"column":12},"end":{"line":85,"column":28}},{"start":{"line":85,"column":32},"end":{"line":85,"column":55}}],"line":85},"5":{"loc":{"start":{"line":97,"column":11},"end":{"line":128,"column":12}},"type":"binary-expr","locations":[{"start":{"line":97,"column":11},"end":{"line":97,"column":23}},{"start":{"line":98,"column":9},"end":{"line":128,"column":12}}],"line":97},"6":{"loc":{"start":{"line":106,"column":14},"end":{"line":126,"column":18}},"type":"binary-expr","locations":[{"start":{"line":106,"column":14},"end":{"line":106,"column":32}},{"start":{"line":107,"column":15},"end":{"line":126,"column":18}}],"line":106}},"s":{"0":81,"1":80,"2":80,"3":80,"4":80,"5":80,"6":80,"7":80,"8":1,"9":1,"10":1,"11":0,"12":0,"13":0,"14":0,"15":0,"16":0,"17":0,"18":0,"19":0,"20":0,"21":0,"22":0,"23":0,"24":0,"25":0,"26":0,"27":1,"28":80,"29":5,"30":5,"31":2,"32":2,"33":3,"34":5,"35":8,"36":8,"37":8,"38":8,"39":8,"40":80,"41":2,"42":2,"43":80,"44":56,"45":56,"46":1,"47":1,"48":1,"49":1,"50":1,"51":1,"52":3,"53":1,"54":1,"55":1,"56":1,"57":2,"58":1,"59":80,"60":54,"61":4},"f":{"0":81,"1":1,"2":0,"3":0,"4":5,"5":5,"6":8,"7":8,"8":2,"9":56,"10":1,"11":2,"12":54,"13":4},"b":{"0":[0,0],"1":[8,0],"2":[0,1],"3":[1,2],"4":[3,2],"5":[80,77],"6":[77,43]},"_coverageSchema":"1a1c01bbd47fc00a2c39e90264f33305004495a9","hash":"01507430d0a0fb076e359a17986c2dd9eddeb7d8"}
,"/Users/jamesquinn/Desktop/Futureproof/LAP3/PROJECT WEEK/Thur20Jan/quiz-app/client/src/pages/Leaderboard.js": {"path":"/Users/jamesquinn/Desktop/Futureproof/LAP3/PROJECT WEEK/Thur20Jan/quiz-app/client/src/pages/Leaderboard.js","statementMap":{"0":{"start":{"line":6,"column":27},"end":{"line":6,"column":39}},"1":{"start":{"line":7,"column":39},"end":{"line":7,"column":51}},"2":{"start":{"line":8,"column":31},"end":{"line":8,"column":43}},"3":{"start":{"line":10,"column":3},"end":{"line":24,"column":9}},"4":{"start":{"line":12,"column":9},"end":{"line":20,"column":10}},"5":{"start":{"line":13,"column":12},"end":{"line":13,"column":37}},"6":{"start":{"line":14,"column":29},"end":{"line":14,"column":89}},"7":{"start":{"line":15,"column":12},"end":{"line":15,"column":76}},"8":{"start":{"line":15,"column":40},"end":{"line":15,"column":75}},"9":{"start":{"line":16,"column":12},"end":{"line":16,"column":39}},"10":{"start":{"line":17,"column":12},"end":{"line":17,"column":23}},"11":{"start":{"line":19,"column":12},"end":{"line":19,"column":61}},"12":{"start":{"line":23,"column":6},"end":{"line":23,"column":17}},"13":{"start":{"line":27,"column":6},"end":{"line":27,"column":22}},"14":{"start":{"line":28,"column":18},"end":{"line":28,"column":19}},"15":{"start":{"line":29,"column":6},"end":{"line":31,"column":31}},"16":{"start":{"line":30,"column":9},"end":{"line":31,"column":31}},"17":{"start":{"line":31,"column":12},"end":{"line":31,"column":31}},"18":{"start":{"line":33,"column":6},"end":{"line":33,"column":18}},"19":{"start":{"line":36,"column":23},"end":{"line":38,"column":4}},"20":{"start":{"line":37,"column":6},"end":{"line":37,"column":31}},"21":{"start":{"line":42,"column":6},"end":{"line":48,"column":7}},"22":{"start":{"line":43,"column":9},"end":{"line":43,"column":31}},"23":{"start":{"line":44,"column":9},"end":{"line":44,"column":45}},"24":{"start":{"line":44,"column":33},"end":{"line":44,"column":44}},"25":{"start":{"line":45,"column":9},"end":{"line":45,"column":51}},"26":{"start":{"line":45,"column":29},"end":{"line":45,"column":50}},"27":{"start":{"line":47,"column":9},"end":{"line":47,"column":26}},"28":{"start":{"line":49,"column":6},"end":{"line":49,"column":30}},"29":{"start":{"line":50,"column":6},"end":{"line":50,"column":256}},"30":{"start":{"line":50,"column":32},"end":{"line":50,"column":255}},"31":{"start":{"line":53,"column":3},"end":{"line":69,"column":4}}},"fnMap":{"0":{"name":"Leaderboard","decl":{"start":{"line":5,"column":9},"end":{"line":5,"column":20}},"loc":{"start":{"line":5,"column":23},"end":{"line":70,"column":1}},"line":5},"1":{"name":"(anonymous_1)","decl":{"start":{"line":10,"column":13},"end":{"line":10,"column":14}},"loc":{"start":{"line":10,"column":19},"end":{"line":24,"column":4}},"line":10},"2":{"name":"getScores","decl":{"start":{"line":11,"column":21},"end":{"line":11,"column":30}},"loc":{"start":{"line":11,"column":33},"end":{"line":21,"column":7}},"line":11},"3":{"name":"(anonymous_3)","decl":{"start":{"line":15,"column":30},"end":{"line":15,"column":31}},"loc":{"start":{"line":15,"column":40},"end":{"line":15,"column":75}},"line":15},"4":{"name":"getTotalScore","decl":{"start":{"line":26,"column":12},"end":{"line":26,"column":25}},"loc":{"start":{"line":26,"column":33},"end":{"line":34,"column":4}},"line":26},"5":{"name":"(anonymous_5)","decl":{"start":{"line":36,"column":23},"end":{"line":36,"column":24}},"loc":{"start":{"line":36,"column":28},"end":{"line":38,"column":4}},"line":36},"6":{"name":"ScoresList","decl":{"start":{"line":40,"column":12},"end":{"line":40,"column":22}},"loc":{"start":{"line":40,"column":30},"end":{"line":51,"column":4}},"line":40},"7":{"name":"(anonymous_7)","decl":{"start":{"line":44,"column":28},"end":{"line":44,"column":29}},"loc":{"start":{"line":44,"column":33},"end":{"line":44,"column":44}},"line":44},"8":{"name":"(anonymous_8)","decl":{"start":{"line":45,"column":19},"end":{"line":45,"column":20}},"loc":{"start":{"line":45,"column":29},"end":{"line":45,"column":50}},"line":45},"9":{"name":"(anonymous_9)","decl":{"start":{"line":50,"column":22},"end":{"line":50,"column":23}},"loc":{"start":{"line":50,"column":32},"end":{"line":50,"column":255}},"line":50}},"branchMap":{"0":{"loc":{"start":{"line":30,"column":9},"end":{"line":31,"column":31}},"type":"if","locations":[{"start":{"line":30,"column":9},"end":{"line":31,"column":31}},{"start":{},"end":{}}],"line":30},"1":{"loc":{"start":{"line":42,"column":6},"end":{"line":48,"column":7}},"type":"if","locations":[{"start":{"line":42,"column":6},"end":{"line":48,"column":7}},{"start":{"line":46,"column":13},"end":{"line":48,"column":7}}],"line":42},"2":{"loc":{"start":{"line":50,"column":205},"end":{"line":50,"column":242}},"type":"cond-expr","locations":[{"start":{"line":50,"column":214},"end":{"line":50,"column":223}},{"start":{"line":50,"column":226},"end":{"line":50,"column":242}}],"line":50}},"s":{"0":13,"1":12,"2":12,"3":12,"4":3,"5":3,"6":3,"7":2,"8":2,"9":2,"10":2,"11":1,"12":3,"13":8,"14":8,"15":8,"16":16,"17":8,"18":8,"19":12,"20":1,"21":12,"22":3,"23":3,"24":4,"25":3,"26":2,"27":9,"28":12,"29":12,"30":8,"31":12},"f":{"0":13,"1":3,"2":3,"3":2,"4":8,"5":1,"6":12,"7":4,"8":2,"9":8},"b":{"0":[8,8],"1":[3,9],"2":[4,4]},"_coverageSchema":"1a1c01bbd47fc00a2c39e90264f33305004495a9","hash":"93d78aac357e0ed2f9867ee9c05e53a210d680e4"}
,"/Users/jamesquinn/Desktop/Futureproof/LAP3/PROJECT WEEK/Thur20Jan/quiz-app/client/src/pages/Questions.js": {"path":"/Users/jamesquinn/Desktop/Futureproof/LAP3/PROJECT WEEK/Thur20Jan/quiz-app/client/src/pages/Questions.js","statementMap":{"0":{"start":{"line":7,"column":41},"end":{"line":7,"column":60}},"1":{"start":{"line":8,"column":20},"end":{"line":8,"column":33}},"2":{"start":{"line":9,"column":45},"end":{"line":9,"column":56}},"3":{"start":{"line":10,"column":35},"end":{"line":10,"column":47}},"4":{"start":{"line":11,"column":29},"end":{"line":11,"column":40}},"5":{"start":{"line":12,"column":33},"end":{"line":12,"column":45}},"6":{"start":{"line":13,"column":33},"end":{"line":13,"column":56}},"7":{"start":{"line":16,"column":6},"end":{"line":20,"column":7}},"8":{"start":{"line":17,"column":22},"end":{"line":17,"column":57}},"9":{"start":{"line":18,"column":22},"end":{"line":18,"column":70}},"10":{"start":{"line":19,"column":9},"end":{"line":19,"column":54}},"11":{"start":{"line":19,"column":33},"end":{"line":19,"column":52}},"12":{"start":{"line":23,"column":3},"end":{"line":26,"column":9}},"13":{"start":{"line":24,"column":6},"end":{"line":25,"column":22}},"14":{"start":{"line":25,"column":9},"end":{"line":25,"column":22}},"15":{"start":{"line":28,"column":3},"end":{"line":41,"column":28}},"16":{"start":{"line":31,"column":6},"end":{"line":35,"column":7}},"17":{"start":{"line":32,"column":8},"end":{"line":32,"column":62}},"18":{"start":{"line":32,"column":33},"end":{"line":32,"column":55}},"19":{"start":{"line":32,"column":49},"end":{"line":32,"column":54}},"20":{"start":{"line":33,"column":13},"end":{"line":35,"column":7}},"21":{"start":{"line":34,"column":9},"end":{"line":34,"column":34}},"22":{"start":{"line":37,"column":6},"end":{"line":40,"column":7}},"23":{"start":{"line":38,"column":9},"end":{"line":39,"column":32}},"24":{"start":{"line":39,"column":12},"end":{"line":39,"column":32}},"25":{"start":{"line":43,"column":3},"end":{"line":65,"column":17}},"26":{"start":{"line":47,"column":9},"end":{"line":47,"column":157}},"27":{"start":{"line":47,"column":34},"end":{"line":47,"column":150}},"28":{"start":{"line":47,"column":140},"end":{"line":47,"column":149}},"29":{"start":{"line":50,"column":6},"end":{"line":58,"column":7}},"30":{"start":{"line":51,"column":22},"end":{"line":51,"column":57}},"31":{"start":{"line":52,"column":24},"end":{"line":52,"column":48}},"32":{"start":{"line":53,"column":24},"end":{"line":53,"column":64}},"33":{"start":{"line":54,"column":9},"end":{"line":54,"column":42}},"34":{"start":{"line":55,"column":9},"end":{"line":55,"column":41}},"35":{"start":{"line":55,"column":27},"end":{"line":55,"column":40}},"36":{"start":{"line":56,"column":9},"end":{"line":56,"column":48}},"37":{"start":{"line":57,"column":9},"end":{"line":57,"column":15}},"38":{"start":{"line":60,"column":6},"end":{"line":63,"column":7}},"39":{"start":{"line":61,"column":9},"end":{"line":62,"column":31}},"40":{"start":{"line":62,"column":12},"end":{"line":62,"column":31}},"41":{"start":{"line":67,"column":3},"end":{"line":74,"column":22}},"42":{"start":{"line":68,"column":6},"end":{"line":73,"column":7}},"43":{"start":{"line":69,"column":9},"end":{"line":69,"column":34}},"44":{"start":{"line":70,"column":9},"end":{"line":70,"column":85}},"45":{"start":{"line":71,"column":9},"end":{"line":71,"column":23}},"46":{"start":{"line":72,"column":9},"end":{"line":72,"column":24}},"47":{"start":{"line":79,"column":27},"end":{"line":79,"column":35}},"48":{"start":{"line":80,"column":9},"end":{"line":80,"column":27}},"49":{"start":{"line":83,"column":30},"end":{"line":92,"column":7}},"50":{"start":{"line":84,"column":22},"end":{"line":84,"column":39}},"51":{"start":{"line":85,"column":9},"end":{"line":90,"column":10}},"52":{"start":{"line":86,"column":12},"end":{"line":89,"column":37}},"53":{"start":{"line":87,"column":15},"end":{"line":87,"column":117}},"54":{"start":{"line":88,"column":17},"end":{"line":89,"column":37}},"55":{"start":{"line":89,"column":18},"end":{"line":89,"column":37}},"56":{"start":{"line":91,"column":9},"end":{"line":91,"column":22}},"57":{"start":{"line":94,"column":6},"end":{"line":101,"column":7}},"58":{"start":{"line":99,"column":39},"end":{"line":99,"column":186}},"59":{"start":{"line":104,"column":3},"end":{"line":119,"column":4}}},"fnMap":{"0":{"name":"QuestionsPage","decl":{"start":{"line":6,"column":9},"end":{"line":6,"column":22}},"loc":{"start":{"line":6,"column":25},"end":{"line":120,"column":1}},"line":6},"1":{"name":"initOptions","decl":{"start":{"line":15,"column":12},"end":{"line":15,"column":23}},"loc":{"start":{"line":15,"column":26},"end":{"line":21,"column":4}},"line":15},"2":{"name":"(anonymous_2)","decl":{"start":{"line":19,"column":27},"end":{"line":19,"column":28}},"loc":{"start":{"line":19,"column":33},"end":{"line":19,"column":52}},"line":19},"3":{"name":"(anonymous_3)","decl":{"start":{"line":23,"column":13},"end":{"line":23,"column":14}},"loc":{"start":{"line":23,"column":19},"end":{"line":26,"column":4}},"line":23},"4":{"name":"(anonymous_4)","decl":{"start":{"line":28,"column":13},"end":{"line":28,"column":14}},"loc":{"start":{"line":28,"column":19},"end":{"line":41,"column":5}},"line":28},"5":{"name":"(anonymous_5)","decl":{"start":{"line":32,"column":27},"end":{"line":32,"column":28}},"loc":{"start":{"line":32,"column":33},"end":{"line":32,"column":55}},"line":32},"6":{"name":"(anonymous_6)","decl":{"start":{"line":32,"column":44},"end":{"line":32,"column":45}},"loc":{"start":{"line":32,"column":49},"end":{"line":32,"column":54}},"line":32},"7":{"name":"(anonymous_7)","decl":{"start":{"line":37,"column":13},"end":{"line":37,"column":14}},"loc":{"start":{"line":37,"column":19},"end":{"line":40,"column":7}},"line":37},"8":{"name":"(anonymous_8)","decl":{"start":{"line":43,"column":13},"end":{"line":43,"column":14}},"loc":{"start":{"line":43,"column":19},"end":{"line":65,"column":4}},"line":43},"9":{"name":"next","decl":{"start":{"line":46,"column":15},"end":{"line":46,"column":19}},"loc":{"start":{"line":46,"column":22},"end":{"line":48,"column":7}},"line":46},"10":{"name":"(anonymous_10)","decl":{"start":{"line":47,"column":28},"end":{"line":47,"column":29}},"loc":{"start":{"line":47,"column":34},"end":{"line":47,"column":150}},"line":47},"11":{"name":"(anonymous_11)","decl":{"start":{"line":47,"column":131},"end":{"line":47,"column":132}},"loc":{"start":{"line":47,"column":140},"end":{"line":47,"column":149}},"line":47},"12":{"name":"(anonymous_12)","decl":{"start":{"line":55,"column":18},"end":{"line":55,"column":19}},"loc":{"start":{"line":55,"column":27},"end":{"line":55,"column":40}},"line":55},"13":{"name":"(anonymous_13)","decl":{"start":{"line":60,"column":14},"end":{"line":60,"column":15}},"loc":{"start":{"line":60,"column":20},"end":{"line":63,"column":7}},"line":60},"14":{"name":"(anonymous_14)","decl":{"start":{"line":67,"column":13},"end":{"line":67,"column":14}},"loc":{"start":{"line":67,"column":19},"end":{"line":74,"column":4}},"line":67},"15":{"name":"Question","decl":{"start":{"line":76,"column":12},"end":{"line":76,"column":20}},"loc":{"start":{"line":76,"column":23},"end":{"line":102,"column":4}},"line":76},"16":{"name":"handleCheck","decl":{"start":{"line":78,"column":15},"end":{"line":78,"column":26}},"loc":{"start":{"line":78,"column":30},"end":{"line":81,"column":7}},"line":78},"17":{"name":"(anonymous_17)","decl":{"start":{"line":83,"column":30},"end":{"line":83,"column":31}},"loc":{"start":{"line":83,"column":39},"end":{"line":92,"column":7}},"line":83},"18":{"name":"(anonymous_18)","decl":{"start":{"line":99,"column":29},"end":{"line":99,"column":30}},"loc":{"start":{"line":99,"column":39},"end":{"line":99,"column":186}},"line":99}},"branchMap":{"0":{"loc":{"start":{"line":16,"column":6},"end":{"line":20,"column":7}},"type":"if","locations":[{"start":{"line":16,"column":6},"end":{"line":20,"column":7}},{"start":{},"end":{}}],"line":16},"1":{"loc":{"start":{"line":24,"column":6},"end":{"line":25,"column":22}},"type":"if","locations":[{"start":{"line":24,"column":6},"end":{"line":25,"column":22}},{"start":{},"end":{}}],"line":24},"2":{"loc":{"start":{"line":31,"column":6},"end":{"line":35,"column":7}},"type":"if","locations":[{"start":{"line":31,"column":6},"end":{"line":35,"column":7}},{"start":{"line":33,"column":13},"end":{"line":35,"column":7}}],"line":31},"3":{"loc":{"start":{"line":31,"column":10},"end":{"line":31,"column":34}},"type":"binary-expr","locations":[{"start":{"line":31,"column":10},"end":{"line":31,"column":19}},{"start":{"line":31,"column":23},"end":{"line":31,"column":34}}],"line":31},"4":{"loc":{"start":{"line":33,"column":13},"end":{"line":35,"column":7}},"type":"if","locations":[{"start":{"line":33,"column":13},"end":{"line":35,"column":7}},{"start":{},"end":{}}],"line":33},"5":{"loc":{"start":{"line":38,"column":9},"end":{"line":39,"column":32}},"type":"if","locations":[{"start":{"line":38,"column":9},"end":{"line":39,"column":32}},{"start":{},"end":{}}],"line":38},"6":{"loc":{"start":{"line":47,"column":34},"end":{"line":47,"column":150}},"type":"cond-expr","locations":[{"start":{"line":47,"column":86},"end":{"line":47,"column":111}},{"start":{"line":47,"column":114},"end":{"line":47,"column":150}}],"line":47},"7":{"loc":{"start":{"line":50,"column":6},"end":{"line":58,"column":7}},"type":"if","locations":[{"start":{"line":50,"column":6},"end":{"line":58,"column":7}},{"start":{},"end":{}}],"line":50},"8":{"loc":{"start":{"line":53,"column":24},"end":{"line":53,"column":64}},"type":"cond-expr","locations":[{"start":{"line":53,"column":59},"end":{"line":53,"column":60}},{"start":{"line":53,"column":63},"end":{"line":53,"column":64}}],"line":53},"9":{"loc":{"start":{"line":61,"column":9},"end":{"line":62,"column":31}},"type":"if","locations":[{"start":{"line":61,"column":9},"end":{"line":62,"column":31}},{"start":{},"end":{}}],"line":61},"10":{"loc":{"start":{"line":68,"column":6},"end":{"line":73,"column":7}},"type":"if","locations":[{"start":{"line":68,"column":6},"end":{"line":73,"column":7}},{"start":{},"end":{}}],"line":68},"11":{"loc":{"start":{"line":85,"column":9},"end":{"line":90,"column":10}},"type":"if","locations":[{"start":{"line":85,"column":9},"end":{"line":90,"column":10}},{"start":{},"end":{}}],"line":85},"12":{"loc":{"start":{"line":86,"column":12},"end":{"line":89,"column":37}},"type":"if","locations":[{"start":{"line":86,"column":12},"end":{"line":89,"column":37}},{"start":{"line":88,"column":17},"end":{"line":89,"column":37}}],"line":86},"13":{"loc":{"start":{"line":87,"column":15},"end":{"line":87,"column":117}},"type":"cond-expr","locations":[{"start":{"line":87,"column":78},"end":{"line":87,"column":97}},{"start":{"line":87,"column":100},"end":{"line":87,"column":117}}],"line":87},"14":{"loc":{"start":{"line":88,"column":17},"end":{"line":89,"column":37}},"type":"if","locations":[{"start":{"line":88,"column":17},"end":{"line":89,"column":37}},{"start":{},"end":{}}],"line":88},"15":{"loc":{"start":{"line":96,"column":14},"end":{"line":96,"column":147}},"type":"binary-expr","locations":[{"start":{"line":96,"column":14},"end":{"line":96,"column":55}},{"start":{"line":96,"column":59},"end":{"line":96,"column":147}}],"line":96},"16":{"loc":{"start":{"line":106,"column":11},"end":{"line":116,"column":18}},"type":"binary-expr","locations":[{"start":{"line":106,"column":11},"end":{"line":106,"column":21}},{"start":{"line":107,"column":12},"end":{"line":116,"column":18}}],"line":106}},"s":{"0":11,"1":10,"2":10,"3":10,"4":10,"5":10,"6":10,"7":13,"8":12,"9":12,"10":12,"11":61,"12":10,"13":4,"14":1,"15":10,"16":6,"17":5,"18":1,"19":1,"20":1,"21":0,"22":6,"23":6,"24":5,"25":10,"26":1,"27":0,"28":0,"29":5,"30":1,"31":1,"32":1,"33":1,"34":1,"35":1,"36":1,"37":1,"38":5,"39":5,"40":1,"41":10,"42":4,"43":3,"44":3,"45":3,"46":3,"47":1,"48":1,"49":9,"50":36,"51":36,"52":8,"53":2,"54":6,"55":2,"56":36,"57":9,"58":36,"59":10},"f":{"0":11,"1":13,"2":61,"3":4,"4":6,"5":1,"6":1,"7":6,"8":5,"9":1,"10":0,"11":0,"12":1,"13":5,"14":4,"15":9,"16":1,"17":36,"18":36},"b":{"0":[12,1],"1":[1,3],"2":[5,1],"3":[6,5],"4":[0,1],"5":[5,1],"6":[0,0],"7":[1,4],"8":[0,1],"9":[1,4],"10":[3,1],"11":[8,28],"12":[2,6],"13":[0,2],"14":[2,4],"15":[9,9],"16":[10,9]},"_coverageSchema":"1a1c01bbd47fc00a2c39e90264f33305004495a9","hash":"06656006c618781ab26abc32d4d895cbf5574c7f"}
,"/Users/jamesquinn/Desktop/Futureproof/LAP3/PROJECT WEEK/Thur20Jan/quiz-app/client/src/pages/ResultsPage.js": {"path":"/Users/jamesquinn/Desktop/Futureproof/LAP3/PROJECT WEEK/Thur20Jan/quiz-app/client/src/pages/ResultsPage.js","statementMap":{"0":{"start":{"line":9,"column":41},"end":{"line":9,"column":60}},"1":{"start":{"line":10,"column":20},"end":{"line":10,"column":33}},"2":{"start":{"line":12,"column":3},"end":{"line":31,"column":9}},"3":{"start":{"line":14,"column":9},"end":{"line":22,"column":10}},"4":{"start":{"line":15,"column":27},"end":{"line":15,"column":29}},"5":{"start":{"line":16,"column":12},"end":{"line":18,"column":13}},"6":{"start":{"line":17,"column":15},"end":{"line":17,"column":97}},"7":{"start":{"line":19,"column":12},"end":{"line":19,"column":101}},"8":{"start":{"line":21,"column":12},"end":{"line":21,"column":29}},"9":{"start":{"line":25,"column":6},"end":{"line":28,"column":19}},"10":{"start":{"line":26,"column":9},"end":{"line":26,"column":22}},"11":{"start":{"line":28,"column":9},"end":{"line":28,"column":19}},"12":{"start":{"line":30,"column":6},"end":{"line":30,"column":36}},"13":{"start":{"line":30,"column":19},"end":{"line":30,"column":36}},"14":{"start":{"line":34,"column":21},"end":{"line":34,"column":23}},"15":{"start":{"line":36,"column":6},"end":{"line":38,"column":7}},"16":{"start":{"line":37,"column":9},"end":{"line":37,"column":60}},"17":{"start":{"line":39,"column":6},"end":{"line":39,"column":46}},"18":{"start":{"line":39,"column":28},"end":{"line":39,"column":45}},"19":{"start":{"line":40,"column":6},"end":{"line":40,"column":88}},"20":{"start":{"line":40,"column":34},"end":{"line":40,"column":87}},"21":{"start":{"line":43,"column":3},"end":{"line":59,"column":4}}},"fnMap":{"0":{"name":"ResultsPage","decl":{"start":{"line":8,"column":9},"end":{"line":8,"column":20}},"loc":{"start":{"line":8,"column":23},"end":{"line":60,"column":1}},"line":8},"1":{"name":"(anonymous_1)","decl":{"start":{"line":12,"column":13},"end":{"line":12,"column":14}},"loc":{"start":{"line":12,"column":19},"end":{"line":31,"column":4}},"line":12},"2":{"name":"sendData","decl":{"start":{"line":13,"column":21},"end":{"line":13,"column":29}},"loc":{"start":{"line":13,"column":32},"end":{"line":23,"column":7}},"line":13},"3":{"name":"(anonymous_3)","decl":{"start":{"line":30,"column":13},"end":{"line":30,"column":14}},"loc":{"start":{"line":30,"column":19},"end":{"line":30,"column":36}},"line":30},"4":{"name":"getScores","decl":{"start":{"line":33,"column":12},"end":{"line":33,"column":21}},"loc":{"start":{"line":33,"column":24},"end":{"line":41,"column":4}},"line":33},"5":{"name":"(anonymous_5)","decl":{"start":{"line":39,"column":18},"end":{"line":39,"column":19}},"loc":{"start":{"line":39,"column":28},"end":{"line":39,"column":45}},"line":39},"6":{"name":"(anonymous_6)","decl":{"start":{"line":40,"column":24},"end":{"line":40,"column":25}},"loc":{"start":{"line":40,"column":34},"end":{"line":40,"column":87}},"line":40}},"branchMap":{"0":{"loc":{"start":{"line":25,"column":6},"end":{"line":28,"column":19}},"type":"if","locations":[{"start":{"line":25,"column":6},"end":{"line":28,"column":19}},{"start":{"line":28,"column":9},"end":{"line":28,"column":19}}],"line":25},"1":{"loc":{"start":{"line":45,"column":11},"end":{"line":56,"column":12}},"type":"binary-expr","locations":[{"start":{"line":45,"column":11},"end":{"line":45,"column":21}},{"start":{"line":46,"column":9},"end":{"line":56,"column":12}}],"line":45}},"s":{"0":3,"1":3,"2":3,"3":2,"4":2,"5":2,"6":6,"7":2,"8":1,"9":3,"10":1,"11":2,"12":3,"13":3,"14":2,"15":2,"16":6,"17":2,"18":4,"19":2,"20":6,"21":3},"f":{"0":3,"1":3,"2":2,"3":3,"4":2,"5":4,"6":6},"b":{"0":[1,2],"1":[3,2]},"_coverageSchema":"1a1c01bbd47fc00a2c39e90264f33305004495a9","hash":"498960851081822cf9257e18ca567f6674add96b"}
,"/Users/jamesquinn/Desktop/Futureproof/LAP3/PROJECT WEEK/Thur20Jan/quiz-app/client/src/pages/Welcome.js": {"path":"/Users/jamesquinn/Desktop/Futureproof/LAP3/PROJECT WEEK/Thur20Jan/quiz-app/client/src/pages/Welcome.js","statementMap":{"0":{"start":{"line":5,"column":3},"end":{"line":10,"column":4}}},"fnMap":{"0":{"name":"Welcome","decl":{"start":{"line":3,"column":9},"end":{"line":3,"column":16}},"loc":{"start":{"line":3,"column":19},"end":{"line":11,"column":1}},"line":3}},"branchMap":{},"s":{"0":2},"f":{"0":2},"b":{},"_coverageSchema":"1a1c01bbd47fc00a2c39e90264f33305004495a9","hash":"303584f42edcee4b2f27ec6c0a3473a0d50613b0"}
,"/Users/jamesquinn/Desktop/Futureproof/LAP3/PROJECT WEEK/Thur20Jan/quiz-app/client/src/utils/Context.js": {"path":"/Users/jamesquinn/Desktop/Futureproof/LAP3/PROJECT WEEK/Thur20Jan/quiz-app/client/src/utils/Context.js","statementMap":{"0":{"start":{"line":3,"column":16},"end":{"line":3,"column":37}}},"fnMap":{},"branchMap":{},"s":{"0":6},"f":{},"b":{},"_coverageSchema":"1a1c01bbd47fc00a2c39e90264f33305004495a9","hash":"8ec972a333ad1c9faf6f370b997f855b81ceb354"}
}
