TN:
SF:src/components/NavigateButton.js
FN:3,NavigateButton
FN:7,(anonymous_1)
FNF:2
FNH:2
FNDA:32,NavigateButton
FNDA:1,(anonymous_1)
DA:5,32
DA:7,32
DA:8,1
DA:11,32
LF:4
LH:4
BRF:0
BRH:0
end_of_record
TN:
SF:src/pages/CreateQuiz.js
FN:7,CreateQuiz
FN:17,getTriviaData
FN:21,(anonymous_2)
FN:25,(anonymous_3)
FN:47,(anonymous_4)
FN:48,getCategories
FN:60,submitPlayer
FN:63,(anonymous_7)
FN:68,(anonymous_8)
FN:73,(anonymous_9)
FN:78,submitForm
FN:90,(anonymous_11)
FN:109,(anonymous_12)
FN:122,(anonymous_13)
FNF:14
FNH:12
FNDA:81,CreateQuiz
FNDA:1,getTriviaData
FNDA:0,(anonymous_2)
FNDA:0,(anonymous_3)
FNDA:5,(anonymous_4)
FNDA:5,getCategories
FNDA:8,submitPlayer
FNDA:8,(anonymous_7)
FNDA:2,(anonymous_8)
FNDA:56,(anonymous_9)
FNDA:1,submitForm
FNDA:2,(anonymous_11)
FNDA:54,(anonymous_12)
FNDA:4,(anonymous_13)
DA:8,81
DA:9,80
DA:10,80
DA:11,80
DA:12,80
DA:13,80
DA:14,80
DA:15,80
DA:18,1
DA:19,1
DA:21,1
DA:22,0
DA:23,0
DA:24,0
DA:25,0
DA:29,0
DA:31,0
DA:32,0
DA:33,0
DA:34,0
DA:35,0
DA:37,0
DA:38,0
DA:40,0
DA:41,0
DA:43,1
DA:47,80
DA:49,5
DA:50,5
DA:51,2
DA:52,2
DA:54,3
DA:57,5
DA:61,8
DA:62,8
DA:63,8
DA:64,8
DA:68,80
DA:69,2
DA:70,2
DA:73,80
DA:74,56
DA:75,56
DA:79,1
DA:80,1
DA:81,1
DA:82,1
DA:83,1
DA:84,1
DA:85,3
DA:86,1
DA:88,1
DA:89,1
DA:90,2
DA:91,1
DA:94,80
DA:109,54
DA:122,4
LF:58
LH:44
BRDA:23,0,0,0
BRDA:23,0,1,0
BRDA:62,1,0,8
BRDA:62,1,1,0
BRDA:82,2,0,0
BRDA:82,2,1,1
BRDA:85,3,0,1
BRDA:85,3,1,2
BRDA:85,4,0,3
BRDA:85,4,1,2
BRDA:97,5,0,80
BRDA:97,5,1,77
BRDA:106,6,0,77
BRDA:106,6,1,43
BRF:14
BRH:10
end_of_record
TN:
SF:src/pages/Leaderboard.js
FN:5,Leaderboard
FN:10,(anonymous_1)
FN:11,getScores
FN:15,(anonymous_3)
FN:26,getTotalScore
FN:36,(anonymous_5)
FN:40,ScoresList
FN:44,(anonymous_7)
FN:45,(anonymous_8)
FN:50,(anonymous_9)
FNF:10
FNH:10
FNDA:13,Leaderboard
FNDA:3,(anonymous_1)
FNDA:3,getScores
FNDA:2,(anonymous_3)
FNDA:8,getTotalScore
FNDA:1,(anonymous_5)
FNDA:12,ScoresList
FNDA:4,(anonymous_7)
FNDA:2,(anonymous_8)
FNDA:8,(anonymous_9)
DA:6,13
DA:7,12
DA:8,12
DA:10,12
DA:12,3
DA:13,3
DA:14,3
DA:15,2
DA:16,2
DA:17,2
DA:19,1
DA:23,3
DA:27,8
DA:28,8
DA:29,8
DA:30,16
DA:31,8
DA:33,8
DA:36,12
DA:37,1
DA:42,12
DA:43,3
DA:44,4
DA:45,3
DA:47,9
DA:49,12
DA:50,12
DA:53,12
LF:28
LH:28
BRDA:30,0,0,8
BRDA:30,0,1,8
BRDA:42,1,0,3
BRDA:42,1,1,9
BRDA:50,2,0,4
BRDA:50,2,1,4
BRF:6
BRH:6
end_of_record
TN:
SF:src/pages/Questions.js
FN:6,QuestionsPage
FN:15,initOptions
FN:19,(anonymous_2)
FN:23,(anonymous_3)
FN:28,(anonymous_4)
FN:32,(anonymous_5)
FN:32,(anonymous_6)
FN:37,(anonymous_7)
FN:43,(anonymous_8)
FN:46,next
FN:47,(anonymous_10)
FN:47,(anonymous_11)
FN:55,(anonymous_12)
FN:60,(anonymous_13)
FN:67,(anonymous_14)
FN:76,Question
FN:78,handleCheck
FN:83,(anonymous_17)
FN:99,(anonymous_18)
FNF:19
FNH:17
FNDA:11,QuestionsPage
FNDA:13,initOptions
FNDA:61,(anonymous_2)
FNDA:4,(anonymous_3)
FNDA:6,(anonymous_4)
FNDA:1,(anonymous_5)
FNDA:1,(anonymous_6)
FNDA:6,(anonymous_7)
FNDA:5,(anonymous_8)
FNDA:1,next
FNDA:0,(anonymous_10)
FNDA:0,(anonymous_11)
FNDA:1,(anonymous_12)
FNDA:5,(anonymous_13)
FNDA:4,(anonymous_14)
FNDA:9,Question
FNDA:1,handleCheck
FNDA:36,(anonymous_17)
FNDA:36,(anonymous_18)
DA:7,11
DA:8,10
DA:9,10
DA:10,10
DA:11,10
DA:12,10
DA:13,10
DA:16,13
DA:17,12
DA:18,12
DA:19,61
DA:23,10
DA:24,4
DA:25,1
DA:28,10
DA:31,6
DA:32,5
DA:33,1
DA:34,0
DA:37,6
DA:38,6
DA:39,5
DA:43,10
DA:47,1
DA:50,5
DA:51,1
DA:52,1
DA:53,1
DA:54,1
DA:55,1
DA:56,1
DA:57,1
DA:60,5
DA:61,5
DA:62,1
DA:67,10
DA:68,4
DA:69,3
DA:70,3
DA:71,3
DA:72,3
DA:79,1
DA:80,1
DA:83,9
DA:84,36
DA:85,36
DA:86,8
DA:87,2
DA:88,6
DA:89,2
DA:91,36
DA:94,9
DA:99,36
DA:104,10
LF:54
LH:53
BRDA:16,0,0,12
BRDA:16,0,1,1
BRDA:24,1,0,1
BRDA:24,1,1,3
BRDA:31,2,0,5
BRDA:31,2,1,1
BRDA:31,3,0,6
BRDA:31,3,1,5
BRDA:33,4,0,0
BRDA:33,4,1,1
BRDA:38,5,0,5
BRDA:38,5,1,1
BRDA:47,6,0,0
BRDA:47,6,1,0
BRDA:50,7,0,1
BRDA:50,7,1,4
BRDA:53,8,0,0
BRDA:53,8,1,1
BRDA:61,9,0,1
BRDA:61,9,1,4
BRDA:68,10,0,3
BRDA:68,10,1,1
BRDA:85,11,0,8
BRDA:85,11,1,28
BRDA:86,12,0,2
BRDA:86,12,1,6
BRDA:87,13,0,0
BRDA:87,13,1,2
BRDA:88,14,0,2
BRDA:88,14,1,4
BRDA:96,15,0,9
BRDA:96,15,1,9
BRDA:106,16,0,10
BRDA:106,16,1,9
BRF:34
BRH:29
end_of_record
TN:
SF:src/pages/ResultsPage.js
FN:8,ResultsPage
FN:12,(anonymous_1)
FN:13,sendData
FN:30,(anonymous_3)
FN:33,getScores
FN:39,(anonymous_5)
FN:40,(anonymous_6)
FNF:7
FNH:7
FNDA:3,ResultsPage
FNDA:3,(anonymous_1)
FNDA:2,sendData
FNDA:3,(anonymous_3)
FNDA:2,getScores
FNDA:4,(anonymous_5)
FNDA:6,(anonymous_6)
DA:9,3
DA:10,3
DA:12,3
DA:14,2
DA:15,2
DA:16,2
DA:17,6
DA:19,2
DA:21,1
DA:25,3
DA:26,1
DA:28,2
DA:30,3
DA:34,2
DA:36,2
DA:37,6
DA:39,4
DA:40,6
DA:43,3
LF:19
LH:19
BRDA:25,0,0,1
BRDA:25,0,1,2
BRDA:45,1,0,3
BRDA:45,1,1,2
BRF:4
BRH:4
end_of_record
TN:
SF:src/pages/Welcome.js
FN:3,Welcome
FNF:1
FNH:1
FNDA:2,Welcome
DA:5,2
LF:1
LH:1
BRF:0
BRH:0
end_of_record
TN:
SF:src/utils/Context.js
FNF:0
FNH:0
DA:3,6
LF:1
LH:1
BRF:0
BRH:0
end_of_record
